<?xml version="1.0" encoding="UTF-8"?>
<coverage generated="1695357847647" clover="3.2.0">
  <project timestamp="1695357847647" name="All files">
    <metrics statements="129" coveredstatements="109" conditionals="84" coveredconditionals="70" methods="21" coveredmethods="21" elements="234" coveredelements="200" complexity="0" loc="129" ncloc="129" packages="1" files="2" classes="2"/>
    <file name="routes.js" path="C:\Users\lizke\Desktop\HW 02 - WebDB\server\routes.js">
      <metrics statements="111" coveredstatements="91" conditionals="84" coveredconditionals="70" methods="20" coveredmethods="20"/>
      <line num="1" count="1" type="stmt"/>
      <line num="2" count="1" type="stmt"/>
      <line num="6" count="1" type="stmt"/>
      <line num="13" count="1" type="cond" truecount="1" falsecount="1"/>
      <line num="20" count="1" type="stmt"/>
      <line num="22" count="2" type="stmt"/>
      <line num="23" count="2" type="stmt"/>
      <line num="27" count="2" type="cond" truecount="2" falsecount="0"/>
      <line num="29" count="1" type="stmt"/>
      <line num="30" count="1" type="cond" truecount="1" falsecount="1"/>
      <line num="32" count="1" type="stmt"/>
      <line num="36" count="0" type="stmt"/>
      <line num="41" count="1" type="stmt"/>
      <line num="45" count="1" type="cond" truecount="1" falsecount="1"/>
      <line num="49" count="1" type="stmt"/>
      <line num="56" count="1" type="cond" truecount="3" falsecount="1"/>
      <line num="59" count="0" type="stmt"/>
      <line num="62" count="0" type="stmt"/>
      <line num="68" count="1" type="stmt"/>
      <line num="81" count="1" type="stmt"/>
      <line num="85" count="1" type="stmt"/>
      <line num="90" count="1" type="stmt"/>
      <line num="92" count="1" type="cond" truecount="3" falsecount="1"/>
      <line num="93" count="0" type="stmt"/>
      <line num="94" count="0" type="stmt"/>
      <line num="96" count="1" type="stmt"/>
      <line num="102" count="1" type="stmt"/>
      <line num="104" count="1" type="stmt"/>
      <line num="109" count="1" type="stmt"/>
      <line num="112" count="1" type="cond" truecount="3" falsecount="1"/>
      <line num="113" count="0" type="stmt"/>
      <line num="114" count="0" type="stmt"/>
      <line num="116" count="1" type="stmt"/>
      <line num="123" count="1" type="stmt"/>
      <line num="126" count="1" type="stmt"/>
      <line num="131" count="1" type="stmt"/>
      <line num="132" count="1" type="cond" truecount="3" falsecount="1"/>
      <line num="133" count="0" type="stmt"/>
      <line num="134" count="0" type="stmt"/>
      <line num="136" count="1" type="stmt"/>
      <line num="140" count="1" type="stmt"/>
      <line num="144" count="1" type="stmt"/>
      <line num="146" count="1" type="stmt"/>
      <line num="152" count="1" type="stmt"/>
      <line num="153" count="1" type="cond" truecount="3" falsecount="1"/>
      <line num="154" count="0" type="stmt"/>
      <line num="155" count="0" type="stmt"/>
      <line num="157" count="1" type="stmt"/>
      <line num="161" count="1" type="stmt"/>
      <line num="169" count="1" type="stmt"/>
      <line num="170" count="3" type="stmt"/>
      <line num="172" count="3" type="cond" truecount="2" falsecount="0"/>
      <line num="174" count="3" type="cond" truecount="2" falsecount="0"/>
      <line num="177" count="1" type="stmt"/>
      <line num="183" count="1" type="stmt"/>
      <line num="184" count="1" type="cond" truecount="3" falsecount="1"/>
      <line num="185" count="0" type="stmt"/>
      <line num="186" count="0" type="stmt"/>
      <line num="188" count="1" type="stmt"/>
      <line num="192" count="1" type="stmt"/>
      <line num="196" count="2" type="stmt"/>
      <line num="203" count="2" type="stmt"/>
      <line num="204" count="2" type="cond" truecount="3" falsecount="1"/>
      <line num="205" count="0" type="stmt"/>
      <line num="206" count="0" type="stmt"/>
      <line num="208" count="2" type="stmt"/>
      <line num="212" count="2" type="stmt"/>
      <line num="217" count="1" type="stmt"/>
      <line num="220" count="3" type="stmt"/>
      <line num="222" count="3" type="cond" truecount="2" falsecount="0"/>
      <line num="224" count="3" type="cond" truecount="2" falsecount="0"/>
      <line num="227" count="1" type="stmt"/>
      <line num="234" count="1" type="stmt"/>
      <line num="235" count="1" type="cond" truecount="3" falsecount="1"/>
      <line num="236" count="0" type="stmt"/>
      <line num="237" count="0" type="stmt"/>
      <line num="239" count="1" type="stmt"/>
      <line num="243" count="1" type="stmt"/>
      <line num="247" count="2" type="stmt"/>
      <line num="255" count="2" type="stmt"/>
      <line num="256" count="2" type="cond" truecount="3" falsecount="1"/>
      <line num="257" count="0" type="stmt"/>
      <line num="258" count="0" type="stmt"/>
      <line num="260" count="2" type="stmt"/>
      <line num="264" count="2" type="stmt"/>
      <line num="269" count="1" type="stmt"/>
      <line num="270" count="3" type="stmt"/>
      <line num="271" count="3" type="cond" truecount="1" falsecount="1"/>
      <line num="273" count="3" type="cond" truecount="2" falsecount="0"/>
      <line num="274" count="3" type="cond" truecount="2" falsecount="0"/>
      <line num="275" count="3" type="cond" truecount="2" falsecount="0"/>
      <line num="276" count="3" type="cond" truecount="2" falsecount="0"/>
      <line num="277" count="3" type="cond" truecount="2" falsecount="0"/>
      <line num="278" count="3" type="cond" truecount="2" falsecount="0"/>
      <line num="279" count="3" type="cond" truecount="2" falsecount="0"/>
      <line num="280" count="3" type="cond" truecount="2" falsecount="0"/>
      <line num="281" count="3" type="cond" truecount="2" falsecount="0"/>
      <line num="282" count="3" type="cond" truecount="2" falsecount="0"/>
      <line num="283" count="3" type="cond" truecount="2" falsecount="0"/>
      <line num="284" count="3" type="cond" truecount="2" falsecount="0"/>
      <line num="286" count="3" type="stmt"/>
      <line num="288" count="3" type="cond" truecount="1" falsecount="1"/>
      <line num="289" count="3" type="stmt"/>
      <line num="306" count="0" type="stmt"/>
      <line num="324" count="3" type="stmt"/>
      <line num="325" count="3" type="cond" truecount="4" falsecount="0"/>
      <line num="326" count="1" type="stmt"/>
      <line num="327" count="1" type="stmt"/>
      <line num="329" count="2" type="stmt"/>
      <line num="333" count="3" type="stmt"/>
      <line num="336" count="1" type="stmt"/>
    </file>
    <file name="server.js" path="C:\Users\lizke\Desktop\HW 02 - WebDB\server\server.js">
      <metrics statements="18" coveredstatements="18" conditionals="0" coveredconditionals="0" methods="1" coveredmethods="1"/>
      <line num="1" count="1" type="stmt"/>
      <line num="2" count="1" type="stmt"/>
      <line num="3" count="1" type="stmt"/>
      <line num="4" count="1" type="stmt"/>
      <line num="6" count="1" type="stmt"/>
      <line num="7" count="1" type="stmt"/>
      <line num="13" count="1" type="stmt"/>
      <line num="14" count="1" type="stmt"/>
      <line num="15" count="1" type="stmt"/>
      <line num="16" count="1" type="stmt"/>
      <line num="17" count="1" type="stmt"/>
      <line num="18" count="1" type="stmt"/>
      <line num="19" count="1" type="stmt"/>
      <line num="20" count="1" type="stmt"/>
      <line num="21" count="1" type="stmt"/>
      <line num="23" count="1" type="stmt"/>
      <line num="24" count="1" type="stmt"/>
      <line num="27" count="1" type="stmt"/>
    </file>
  </project>
</coverage>
