{"C:\\Users\\lizke\\Desktop\\HW 02 - WebDB\\server\\routes.js": {"path":"C:\\Users\\lizke\\Desktop\\HW 02 - WebDB\\server\\routes.js","statementMap":{"0":{"start":{"line":1,"column":14},"end":{"line":1,"column":30}},"1":{"start":{"line":2,"column":15},"end":{"line":2,"column":39}},"2":{"start":{"line":6,"column":19},"end":{"line":12,"column":2}},"3":{"start":{"line":13,"column":0},"end":{"line":13,"column":53}},"4":{"start":{"line":13,"column":28},"end":{"line":13,"column":51}},"5":{"start":{"line":20,"column":15},"end":{"line":38,"column":1}},"6":{"start":{"line":22,"column":15},"end":{"line":22,"column":32}},"7":{"start":{"line":23,"column":18},"end":{"line":23,"column":24}},"8":{"start":{"line":27,"column":2},"end":{"line":37,"column":3}},"9":{"start":{"line":29,"column":4},"end":{"line":29,"column":35}},"10":{"start":{"line":30,"column":9},"end":{"line":37,"column":3}},"11":{"start":{"line":32,"column":4},"end":{"line":32,"column":38}},"12":{"start":{"line":36,"column":4},"end":{"line":36,"column":115}},"13":{"start":{"line":41,"column":15},"end":{"line":74,"column":1}},"14":{"start":{"line":45,"column":19},"end":{"line":45,"column":56}},"15":{"start":{"line":49,"column":2},"end":{"line":73,"column":5}},"16":{"start":{"line":56,"column":4},"end":{"line":72,"column":5}},"17":{"start":{"line":59,"column":6},"end":{"line":59,"column":23}},"18":{"start":{"line":62,"column":6},"end":{"line":62,"column":19}},"19":{"start":{"line":68,"column":6},"end":{"line":71,"column":9}},"20":{"start":{"line":81,"column":13},"end":{"line":99,"column":1}},"21":{"start":{"line":85,"column":14},"end":{"line":88,"column":47}},"22":{"start":{"line":90,"column":2},"end":{"line":98,"column":5}},"23":{"start":{"line":92,"column":4},"end":{"line":97,"column":5}},"24":{"start":{"line":93,"column":6},"end":{"line":93,"column":23}},"25":{"start":{"line":94,"column":6},"end":{"line":94,"column":19}},"26":{"start":{"line":96,"column":6},"end":{"line":96,"column":24}},"27":{"start":{"line":102,"column":14},"end":{"line":120,"column":1}},"28":{"start":{"line":104,"column":14},"end":{"line":107,"column":49}},"29":{"start":{"line":109,"column":2},"end":{"line":119,"column":3}},"30":{"start":{"line":112,"column":6},"end":{"line":117,"column":7}},"31":{"start":{"line":113,"column":8},"end":{"line":113,"column":25}},"32":{"start":{"line":114,"column":8},"end":{"line":114,"column":21}},"33":{"start":{"line":116,"column":8},"end":{"line":116,"column":26}},"34":{"start":{"line":123,"column":15},"end":{"line":141,"column":1}},"35":{"start":{"line":126,"column":14},"end":{"line":129,"column":29}},"36":{"start":{"line":131,"column":17},"end":{"line":138,"column":3}},"37":{"start":{"line":132,"column":4},"end":{"line":137,"column":5}},"38":{"start":{"line":133,"column":6},"end":{"line":133,"column":23}},"39":{"start":{"line":134,"column":6},"end":{"line":134,"column":19}},"40":{"start":{"line":136,"column":6},"end":{"line":136,"column":21}},"41":{"start":{"line":140,"column":2},"end":{"line":140,"column":36}},"42":{"start":{"line":144,"column":20},"end":{"line":162,"column":1}},"43":{"start":{"line":146,"column":14},"end":{"line":150,"column":22}},"44":{"start":{"line":152,"column":17},"end":{"line":159,"column":3}},"45":{"start":{"line":153,"column":4},"end":{"line":158,"column":5}},"46":{"start":{"line":154,"column":6},"end":{"line":154,"column":23}},"47":{"start":{"line":155,"column":6},"end":{"line":155,"column":19}},"48":{"start":{"line":157,"column":6},"end":{"line":157,"column":21}},"49":{"start":{"line":161,"column":2},"end":{"line":161,"column":36}},"50":{"start":{"line":169,"column":18},"end":{"line":214,"column":1}},"51":{"start":{"line":170,"column":15},"end":{"line":170,"column":29}},"52":{"start":{"line":172,"column":19},"end":{"line":172,"column":71}},"53":{"start":{"line":174,"column":2},"end":{"line":213,"column":3}},"54":{"start":{"line":177,"column":16},"end":{"line":181,"column":26}},"55":{"start":{"line":183,"column":19},"end":{"line":190,"column":5}},"56":{"start":{"line":184,"column":6},"end":{"line":189,"column":7}},"57":{"start":{"line":185,"column":8},"end":{"line":185,"column":25}},"58":{"start":{"line":186,"column":8},"end":{"line":186,"column":21}},"59":{"start":{"line":188,"column":8},"end":{"line":188,"column":23}},"60":{"start":{"line":192,"column":4},"end":{"line":192,"column":38}},"61":{"start":{"line":196,"column":16},"end":{"line":201,"column":57}},"62":{"start":{"line":203,"column":19},"end":{"line":210,"column":5}},"63":{"start":{"line":204,"column":6},"end":{"line":209,"column":7}},"64":{"start":{"line":205,"column":8},"end":{"line":205,"column":25}},"65":{"start":{"line":206,"column":8},"end":{"line":206,"column":21}},"66":{"start":{"line":208,"column":8},"end":{"line":208,"column":23}},"67":{"start":{"line":212,"column":4},"end":{"line":212,"column":38}},"68":{"start":{"line":217,"column":19},"end":{"line":266,"column":1}},"69":{"start":{"line":220,"column":15},"end":{"line":220,"column":29}},"70":{"start":{"line":222,"column":19},"end":{"line":222,"column":71}},"71":{"start":{"line":224,"column":2},"end":{"line":265,"column":3}},"72":{"start":{"line":227,"column":16},"end":{"line":232,"column":24}},"73":{"start":{"line":234,"column":19},"end":{"line":241,"column":5}},"74":{"start":{"line":235,"column":6},"end":{"line":240,"column":7}},"75":{"start":{"line":236,"column":8},"end":{"line":236,"column":25}},"76":{"start":{"line":237,"column":8},"end":{"line":237,"column":21}},"77":{"start":{"line":239,"column":8},"end":{"line":239,"column":23}},"78":{"start":{"line":243,"column":4},"end":{"line":243,"column":38}},"79":{"start":{"line":247,"column":16},"end":{"line":253,"column":57}},"80":{"start":{"line":255,"column":19},"end":{"line":262,"column":5}},"81":{"start":{"line":256,"column":6},"end":{"line":261,"column":7}},"82":{"start":{"line":257,"column":8},"end":{"line":257,"column":25}},"83":{"start":{"line":258,"column":8},"end":{"line":258,"column":21}},"84":{"start":{"line":260,"column":8},"end":{"line":260,"column":23}},"85":{"start":{"line":264,"column":4},"end":{"line":264,"column":38}},"86":{"start":{"line":269,"column":21},"end":{"line":334,"column":1}},"87":{"start":{"line":270,"column":15},"end":{"line":270,"column":29}},"88":{"start":{"line":271,"column":19},"end":{"line":271,"column":71}},"89":{"start":{"line":273,"column":16},"end":{"line":273,"column":37}},"90":{"start":{"line":274,"column":22},"end":{"line":274,"column":50}},"91":{"start":{"line":275,"column":23},"end":{"line":275,"column":53}},"92":{"start":{"line":276,"column":19},"end":{"line":276,"column":43}},"93":{"start":{"line":277,"column":20},"end":{"line":277,"column":54}},"94":{"start":{"line":278,"column":26},"end":{"line":278,"column":57}},"95":{"start":{"line":279,"column":27},"end":{"line":279,"column":59}},"96":{"start":{"line":280,"column":20},"end":{"line":280,"column":45}},"97":{"start":{"line":281,"column":21},"end":{"line":281,"column":47}},"98":{"start":{"line":282,"column":21},"end":{"line":282,"column":47}},"99":{"start":{"line":283,"column":22},"end":{"line":283,"column":49}},"100":{"start":{"line":284,"column":19},"end":{"line":284,"column":56}},"101":{"start":{"line":286,"column":14},"end":{"line":286,"column":16}},"102":{"start":{"line":288,"column":2},"end":{"line":322,"column":3}},"103":{"start":{"line":289,"column":4},"end":{"line":303,"column":25}},"104":{"start":{"line":306,"column":4},"end":{"line":321,"column":58}},"105":{"start":{"line":324,"column":17},"end":{"line":331,"column":3}},"106":{"start":{"line":325,"column":4},"end":{"line":330,"column":5}},"107":{"start":{"line":326,"column":6},"end":{"line":326,"column":23}},"108":{"start":{"line":327,"column":6},"end":{"line":327,"column":19}},"109":{"start":{"line":329,"column":6},"end":{"line":329,"column":21}},"110":{"start":{"line":333,"column":2},"end":{"line":333,"column":36}},"111":{"start":{"line":336,"column":0},"end":{"line":346,"column":1}}},"fnMap":{"0":{"name":"(anonymous_0)","decl":{"start":{"line":13,"column":19},"end":{"line":13,"column":20}},"loc":{"start":{"line":13,"column":28},"end":{"line":13,"column":51}},"line":13},"1":{"name":"(anonymous_1)","decl":{"start":{"line":20,"column":15},"end":{"line":20,"column":16}},"loc":{"start":{"line":20,"column":40},"end":{"line":38,"column":1}},"line":20},"2":{"name":"(anonymous_2)","decl":{"start":{"line":41,"column":15},"end":{"line":41,"column":16}},"loc":{"start":{"line":41,"column":40},"end":{"line":74,"column":1}},"line":41},"3":{"name":"(anonymous_3)","decl":{"start":{"line":55,"column":5},"end":{"line":55,"column":6}},"loc":{"start":{"line":55,"column":20},"end":{"line":73,"column":3}},"line":55},"4":{"name":"(anonymous_4)","decl":{"start":{"line":81,"column":13},"end":{"line":81,"column":14}},"loc":{"start":{"line":81,"column":38},"end":{"line":99,"column":1}},"line":81},"5":{"name":"(anonymous_5)","decl":{"start":{"line":91,"column":4},"end":{"line":91,"column":5}},"loc":{"start":{"line":91,"column":19},"end":{"line":98,"column":3}},"line":91},"6":{"name":"(anonymous_6)","decl":{"start":{"line":102,"column":14},"end":{"line":102,"column":15}},"loc":{"start":{"line":102,"column":39},"end":{"line":120,"column":1}},"line":102},"7":{"name":"(anonymous_7)","decl":{"start":{"line":111,"column":4},"end":{"line":111,"column":5}},"loc":{"start":{"line":111,"column":19},"end":{"line":118,"column":5}},"line":111},"8":{"name":"(anonymous_8)","decl":{"start":{"line":123,"column":15},"end":{"line":123,"column":16}},"loc":{"start":{"line":123,"column":40},"end":{"line":141,"column":1}},"line":123},"9":{"name":"(anonymous_9)","decl":{"start":{"line":131,"column":17},"end":{"line":131,"column":18}},"loc":{"start":{"line":131,"column":32},"end":{"line":138,"column":3}},"line":131},"10":{"name":"(anonymous_10)","decl":{"start":{"line":144,"column":20},"end":{"line":144,"column":21}},"loc":{"start":{"line":144,"column":45},"end":{"line":162,"column":1}},"line":144},"11":{"name":"(anonymous_11)","decl":{"start":{"line":152,"column":17},"end":{"line":152,"column":18}},"loc":{"start":{"line":152,"column":32},"end":{"line":159,"column":3}},"line":152},"12":{"name":"(anonymous_12)","decl":{"start":{"line":169,"column":18},"end":{"line":169,"column":19}},"loc":{"start":{"line":169,"column":43},"end":{"line":214,"column":1}},"line":169},"13":{"name":"(anonymous_13)","decl":{"start":{"line":183,"column":19},"end":{"line":183,"column":20}},"loc":{"start":{"line":183,"column":34},"end":{"line":190,"column":5}},"line":183},"14":{"name":"(anonymous_14)","decl":{"start":{"line":203,"column":19},"end":{"line":203,"column":20}},"loc":{"start":{"line":203,"column":34},"end":{"line":210,"column":5}},"line":203},"15":{"name":"(anonymous_15)","decl":{"start":{"line":217,"column":19},"end":{"line":217,"column":20}},"loc":{"start":{"line":217,"column":44},"end":{"line":266,"column":1}},"line":217},"16":{"name":"(anonymous_16)","decl":{"start":{"line":234,"column":19},"end":{"line":234,"column":20}},"loc":{"start":{"line":234,"column":34},"end":{"line":241,"column":5}},"line":234},"17":{"name":"(anonymous_17)","decl":{"start":{"line":255,"column":19},"end":{"line":255,"column":20}},"loc":{"start":{"line":255,"column":34},"end":{"line":262,"column":5}},"line":255},"18":{"name":"(anonymous_18)","decl":{"start":{"line":269,"column":21},"end":{"line":269,"column":22}},"loc":{"start":{"line":269,"column":46},"end":{"line":334,"column":1}},"line":269},"19":{"name":"(anonymous_19)","decl":{"start":{"line":324,"column":17},"end":{"line":324,"column":18}},"loc":{"start":{"line":324,"column":32},"end":{"line":331,"column":3}},"line":324}},"branchMap":{"0":{"loc":{"start":{"line":13,"column":28},"end":{"line":13,"column":51}},"type":"binary-expr","locations":[{"start":{"line":13,"column":28},"end":{"line":13,"column":31}},{"start":{"line":13,"column":35},"end":{"line":13,"column":51}}],"line":13},"1":{"loc":{"start":{"line":27,"column":2},"end":{"line":37,"column":3}},"type":"if","locations":[{"start":{"line":27,"column":2},"end":{"line":37,"column":3}},{"start":{"line":30,"column":9},"end":{"line":37,"column":3}}],"line":27},"2":{"loc":{"start":{"line":30,"column":9},"end":{"line":37,"column":3}},"type":"if","locations":[{"start":{"line":30,"column":9},"end":{"line":37,"column":3}},{"start":{"line":33,"column":9},"end":{"line":37,"column":3}}],"line":30},"3":{"loc":{"start":{"line":45,"column":19},"end":{"line":45,"column":56}},"type":"cond-expr","locations":[{"start":{"line":45,"column":51},"end":{"line":45,"column":52}},{"start":{"line":45,"column":55},"end":{"line":45,"column":56}}],"line":45},"4":{"loc":{"start":{"line":56,"column":4},"end":{"line":72,"column":5}},"type":"if","locations":[{"start":{"line":56,"column":4},"end":{"line":72,"column":5}},{"start":{"line":63,"column":11},"end":{"line":72,"column":5}}],"line":56},"5":{"loc":{"start":{"line":56,"column":8},"end":{"line":56,"column":32}},"type":"binary-expr","locations":[{"start":{"line":56,"column":8},"end":{"line":56,"column":11}},{"start":{"line":56,"column":15},"end":{"line":56,"column":32}}],"line":56},"6":{"loc":{"start":{"line":92,"column":4},"end":{"line":97,"column":5}},"type":"if","locations":[{"start":{"line":92,"column":4},"end":{"line":97,"column":5}},{"start":{"line":95,"column":11},"end":{"line":97,"column":5}}],"line":92},"7":{"loc":{"start":{"line":92,"column":8},"end":{"line":92,"column":32}},"type":"binary-expr","locations":[{"start":{"line":92,"column":8},"end":{"line":92,"column":11}},{"start":{"line":92,"column":15},"end":{"line":92,"column":32}}],"line":92},"8":{"loc":{"start":{"line":112,"column":6},"end":{"line":117,"column":7}},"type":"if","locations":[{"start":{"line":112,"column":6},"end":{"line":117,"column":7}},{"start":{"line":115,"column":13},"end":{"line":117,"column":7}}],"line":112},"9":{"loc":{"start":{"line":112,"column":9},"end":{"line":112,"column":33}},"type":"binary-expr","locations":[{"start":{"line":112,"column":9},"end":{"line":112,"column":12}},{"start":{"line":112,"column":16},"end":{"line":112,"column":33}}],"line":112},"10":{"loc":{"start":{"line":132,"column":4},"end":{"line":137,"column":5}},"type":"if","locations":[{"start":{"line":132,"column":4},"end":{"line":137,"column":5}},{"start":{"line":135,"column":11},"end":{"line":137,"column":5}}],"line":132},"11":{"loc":{"start":{"line":132,"column":7},"end":{"line":132,"column":31}},"type":"binary-expr","locations":[{"start":{"line":132,"column":7},"end":{"line":132,"column":10}},{"start":{"line":132,"column":14},"end":{"line":132,"column":31}}],"line":132},"12":{"loc":{"start":{"line":153,"column":4},"end":{"line":158,"column":5}},"type":"if","locations":[{"start":{"line":153,"column":4},"end":{"line":158,"column":5}},{"start":{"line":156,"column":11},"end":{"line":158,"column":5}}],"line":153},"13":{"loc":{"start":{"line":153,"column":7},"end":{"line":153,"column":31}},"type":"binary-expr","locations":[{"start":{"line":153,"column":7},"end":{"line":153,"column":10}},{"start":{"line":153,"column":14},"end":{"line":153,"column":31}}],"line":153},"14":{"loc":{"start":{"line":172,"column":19},"end":{"line":172,"column":71}},"type":"cond-expr","locations":[{"start":{"line":172,"column":47},"end":{"line":172,"column":66}},{"start":{"line":172,"column":69},"end":{"line":172,"column":71}}],"line":172},"15":{"loc":{"start":{"line":174,"column":2},"end":{"line":213,"column":3}},"type":"if","locations":[{"start":{"line":174,"column":2},"end":{"line":213,"column":3}},{"start":{"line":193,"column":9},"end":{"line":213,"column":3}}],"line":174},"16":{"loc":{"start":{"line":184,"column":6},"end":{"line":189,"column":7}},"type":"if","locations":[{"start":{"line":184,"column":6},"end":{"line":189,"column":7}},{"start":{"line":187,"column":13},"end":{"line":189,"column":7}}],"line":184},"17":{"loc":{"start":{"line":184,"column":9},"end":{"line":184,"column":33}},"type":"binary-expr","locations":[{"start":{"line":184,"column":9},"end":{"line":184,"column":12}},{"start":{"line":184,"column":16},"end":{"line":184,"column":33}}],"line":184},"18":{"loc":{"start":{"line":204,"column":6},"end":{"line":209,"column":7}},"type":"if","locations":[{"start":{"line":204,"column":6},"end":{"line":209,"column":7}},{"start":{"line":207,"column":13},"end":{"line":209,"column":7}}],"line":204},"19":{"loc":{"start":{"line":204,"column":9},"end":{"line":204,"column":33}},"type":"binary-expr","locations":[{"start":{"line":204,"column":9},"end":{"line":204,"column":12}},{"start":{"line":204,"column":16},"end":{"line":204,"column":33}}],"line":204},"20":{"loc":{"start":{"line":222,"column":19},"end":{"line":222,"column":71}},"type":"cond-expr","locations":[{"start":{"line":222,"column":47},"end":{"line":222,"column":66}},{"start":{"line":222,"column":69},"end":{"line":222,"column":71}}],"line":222},"21":{"loc":{"start":{"line":224,"column":2},"end":{"line":265,"column":3}},"type":"if","locations":[{"start":{"line":224,"column":2},"end":{"line":265,"column":3}},{"start":{"line":244,"column":9},"end":{"line":265,"column":3}}],"line":224},"22":{"loc":{"start":{"line":235,"column":6},"end":{"line":240,"column":7}},"type":"if","locations":[{"start":{"line":235,"column":6},"end":{"line":240,"column":7}},{"start":{"line":238,"column":13},"end":{"line":240,"column":7}}],"line":235},"23":{"loc":{"start":{"line":235,"column":9},"end":{"line":235,"column":33}},"type":"binary-expr","locations":[{"start":{"line":235,"column":9},"end":{"line":235,"column":12}},{"start":{"line":235,"column":16},"end":{"line":235,"column":33}}],"line":235},"24":{"loc":{"start":{"line":256,"column":6},"end":{"line":261,"column":7}},"type":"if","locations":[{"start":{"line":256,"column":6},"end":{"line":261,"column":7}},{"start":{"line":259,"column":13},"end":{"line":261,"column":7}}],"line":256},"25":{"loc":{"start":{"line":256,"column":9},"end":{"line":256,"column":33}},"type":"binary-expr","locations":[{"start":{"line":256,"column":9},"end":{"line":256,"column":12}},{"start":{"line":256,"column":16},"end":{"line":256,"column":33}}],"line":256},"26":{"loc":{"start":{"line":271,"column":19},"end":{"line":271,"column":71}},"type":"cond-expr","locations":[{"start":{"line":271,"column":47},"end":{"line":271,"column":66}},{"start":{"line":271,"column":69},"end":{"line":271,"column":71}}],"line":271},"27":{"loc":{"start":{"line":273,"column":16},"end":{"line":273,"column":37}},"type":"binary-expr","locations":[{"start":{"line":273,"column":16},"end":{"line":273,"column":31}},{"start":{"line":273,"column":35},"end":{"line":273,"column":37}}],"line":273},"28":{"loc":{"start":{"line":274,"column":22},"end":{"line":274,"column":50}},"type":"binary-expr","locations":[{"start":{"line":274,"column":22},"end":{"line":274,"column":44}},{"start":{"line":274,"column":48},"end":{"line":274,"column":50}}],"line":274},"29":{"loc":{"start":{"line":275,"column":23},"end":{"line":275,"column":53}},"type":"binary-expr","locations":[{"start":{"line":275,"column":23},"end":{"line":275,"column":46}},{"start":{"line":275,"column":50},"end":{"line":275,"column":53}}],"line":275},"30":{"loc":{"start":{"line":276,"column":19},"end":{"line":276,"column":43}},"type":"binary-expr","locations":[{"start":{"line":276,"column":19},"end":{"line":276,"column":38}},{"start":{"line":276,"column":42},"end":{"line":276,"column":43}}],"line":276},"31":{"loc":{"start":{"line":277,"column":20},"end":{"line":277,"column":54}},"type":"binary-expr","locations":[{"start":{"line":277,"column":20},"end":{"line":277,"column":40}},{"start":{"line":277,"column":44},"end":{"line":277,"column":54}}],"line":277},"32":{"loc":{"start":{"line":278,"column":26},"end":{"line":278,"column":57}},"type":"binary-expr","locations":[{"start":{"line":278,"column":26},"end":{"line":278,"column":52}},{"start":{"line":278,"column":56},"end":{"line":278,"column":57}}],"line":278},"33":{"loc":{"start":{"line":279,"column":27},"end":{"line":279,"column":59}},"type":"binary-expr","locations":[{"start":{"line":279,"column":27},"end":{"line":279,"column":54}},{"start":{"line":279,"column":58},"end":{"line":279,"column":59}}],"line":279},"34":{"loc":{"start":{"line":280,"column":20},"end":{"line":280,"column":45}},"type":"binary-expr","locations":[{"start":{"line":280,"column":20},"end":{"line":280,"column":40}},{"start":{"line":280,"column":44},"end":{"line":280,"column":45}}],"line":280},"35":{"loc":{"start":{"line":281,"column":21},"end":{"line":281,"column":47}},"type":"binary-expr","locations":[{"start":{"line":281,"column":21},"end":{"line":281,"column":42}},{"start":{"line":281,"column":46},"end":{"line":281,"column":47}}],"line":281},"36":{"loc":{"start":{"line":282,"column":21},"end":{"line":282,"column":47}},"type":"binary-expr","locations":[{"start":{"line":282,"column":21},"end":{"line":282,"column":42}},{"start":{"line":282,"column":46},"end":{"line":282,"column":47}}],"line":282},"37":{"loc":{"start":{"line":283,"column":22},"end":{"line":283,"column":49}},"type":"binary-expr","locations":[{"start":{"line":283,"column":22},"end":{"line":283,"column":44}},{"start":{"line":283,"column":48},"end":{"line":283,"column":49}}],"line":283},"38":{"loc":{"start":{"line":284,"column":19},"end":{"line":284,"column":56}},"type":"cond-expr","locations":[{"start":{"line":284,"column":51},"end":{"line":284,"column":52}},{"start":{"line":284,"column":55},"end":{"line":284,"column":56}}],"line":284},"39":{"loc":{"start":{"line":288,"column":2},"end":{"line":322,"column":3}},"type":"if","locations":[{"start":{"line":288,"column":2},"end":{"line":322,"column":3}},{"start":{"line":305,"column":9},"end":{"line":322,"column":3}}],"line":288},"40":{"loc":{"start":{"line":325,"column":4},"end":{"line":330,"column":5}},"type":"if","locations":[{"start":{"line":325,"column":4},"end":{"line":330,"column":5}},{"start":{"line":328,"column":11},"end":{"line":330,"column":5}}],"line":325},"41":{"loc":{"start":{"line":325,"column":7},"end":{"line":325,"column":31}},"type":"binary-expr","locations":[{"start":{"line":325,"column":7},"end":{"line":325,"column":10}},{"start":{"line":325,"column":14},"end":{"line":325,"column":31}}],"line":325}},"s":{"0":1,"1":1,"2":1,"3":1,"4":1,"5":1,"6":2,"7":2,"8":2,"9":1,"10":1,"11":1,"12":0,"13":1,"14":1,"15":1,"16":1,"17":0,"18":0,"19":1,"20":1,"21":1,"22":1,"23":1,"24":0,"25":0,"26":1,"27":1,"28":1,"29":1,"30":1,"31":0,"32":0,"33":1,"34":1,"35":1,"36":1,"37":1,"38":0,"39":0,"40":1,"41":1,"42":1,"43":1,"44":1,"45":1,"46":0,"47":0,"48":1,"49":1,"50":1,"51":3,"52":3,"53":3,"54":1,"55":1,"56":1,"57":0,"58":0,"59":1,"60":1,"61":2,"62":2,"63":2,"64":0,"65":0,"66":2,"67":2,"68":1,"69":3,"70":3,"71":3,"72":1,"73":1,"74":1,"75":0,"76":0,"77":1,"78":1,"79":2,"80":2,"81":2,"82":0,"83":0,"84":2,"85":2,"86":1,"87":3,"88":3,"89":3,"90":3,"91":3,"92":3,"93":3,"94":3,"95":3,"96":3,"97":3,"98":3,"99":3,"100":3,"101":3,"102":3,"103":3,"104":0,"105":3,"106":3,"107":1,"108":1,"109":2,"110":3,"111":1},"f":{"0":1,"1":2,"2":1,"3":1,"4":1,"5":1,"6":1,"7":1,"8":1,"9":1,"10":1,"11":1,"12":3,"13":1,"14":2,"15":3,"16":1,"17":2,"18":3,"19":3},"b":{"0":[1,0],"1":[1,1],"2":[1,0],"3":[0,1],"4":[0,1],"5":[1,1],"6":[0,1],"7":[1,1],"8":[0,1],"9":[1,1],"10":[0,1],"11":[1,1],"12":[0,1],"13":[1,1],"14":[1,2],"15":[1,2],"16":[0,1],"17":[1,1],"18":[0,2],"19":[2,2],"20":[1,2],"21":[1,2],"22":[0,1],"23":[1,1],"24":[0,2],"25":[2,2],"26":[0,3],"27":[3,1],"28":[3,3],"29":[3,3],"30":[3,3],"31":[3,3],"32":[3,3],"33":[3,3],"34":[3,2],"35":[3,3],"36":[3,2],"37":[3,2],"38":[1,2],"39":[3,0],"40":[1,2],"41":[3,3]},"_coverageSchema":"1a1c01bbd47fc00a2c39e90264f33305004495a9","hash":"41524a175abf5ae865e5a8eda34aa9c5419e6d8a"}
,"C:\\Users\\lizke\\Desktop\\HW 02 - WebDB\\server\\server.js": {"path":"C:\\Users\\lizke\\Desktop\\HW 02 - WebDB\\server\\server.js","statementMap":{"0":{"start":{"line":1,"column":16},"end":{"line":1,"column":34}},"1":{"start":{"line":2,"column":13},"end":{"line":2,"column":28}},"2":{"start":{"line":3,"column":15},"end":{"line":3,"column":34}},"3":{"start":{"line":4,"column":15},"end":{"line":4,"column":34}},"4":{"start":{"line":6,"column":12},"end":{"line":6,"column":21}},"5":{"start":{"line":7,"column":0},"end":{"line":9,"column":4}},"6":{"start":{"line":13,"column":0},"end":{"line":13,"column":40}},"7":{"start":{"line":14,"column":0},"end":{"line":14,"column":34}},"8":{"start":{"line":15,"column":0},"end":{"line":15,"column":39}},"9":{"start":{"line":16,"column":0},"end":{"line":16,"column":42}},"10":{"start":{"line":17,"column":0},"end":{"line":17,"column":34}},"11":{"start":{"line":18,"column":0},"end":{"line":18,"column":54}},"12":{"start":{"line":19,"column":0},"end":{"line":19,"column":40}},"13":{"start":{"line":20,"column":0},"end":{"line":20,"column":42}},"14":{"start":{"line":21,"column":0},"end":{"line":21,"column":46}},"15":{"start":{"line":23,"column":0},"end":{"line":25,"column":3}},"16":{"start":{"line":24,"column":2},"end":{"line":24,"column":86}},"17":{"start":{"line":27,"column":0},"end":{"line":27,"column":21}}},"fnMap":{"0":{"name":"(anonymous_0)","decl":{"start":{"line":23,"column":31},"end":{"line":23,"column":32}},"loc":{"start":{"line":23,"column":37},"end":{"line":25,"column":1}},"line":23}},"branchMap":{},"s":{"0":1,"1":1,"2":1,"3":1,"4":1,"5":1,"6":1,"7":1,"8":1,"9":1,"10":1,"11":1,"12":1,"13":1,"14":1,"15":1,"16":1,"17":1},"f":{"0":1},"b":{},"_coverageSchema":"1a1c01bbd47fc00a2c39e90264f33305004495a9","hash":"52d6a85f4257b6325b1267e8766530de88a6ebb6"}
}
