TN:
SF:routes.js
FN:13,(anonymous_0)
FN:20,(anonymous_1)
FN:41,(anonymous_2)
FN:55,(anonymous_3)
FN:81,(anonymous_4)
FN:91,(anonymous_5)
FN:102,(anonymous_6)
FN:111,(anonymous_7)
FN:123,(anonymous_8)
FN:131,(anonymous_9)
FN:144,(anonymous_10)
FN:152,(anonymous_11)
FN:169,(anonymous_12)
FN:183,(anonymous_13)
FN:203,(anonymous_14)
FN:217,(anonymous_15)
FN:234,(anonymous_16)
FN:255,(anonymous_17)
FN:269,(anonymous_18)
FN:324,(anonymous_19)
FNF:20
FNH:20
FNDA:1,(anonymous_0)
FNDA:2,(anonymous_1)
FNDA:1,(anonymous_2)
FNDA:1,(anonymous_3)
FNDA:1,(anonymous_4)
FNDA:1,(anonymous_5)
FNDA:1,(anonymous_6)
FNDA:1,(anonymous_7)
FNDA:1,(anonymous_8)
FNDA:1,(anonymous_9)
FNDA:1,(anonymous_10)
FNDA:1,(anonymous_11)
FNDA:3,(anonymous_12)
FNDA:1,(anonymous_13)
FNDA:2,(anonymous_14)
FNDA:3,(anonymous_15)
FNDA:1,(anonymous_16)
FNDA:2,(anonymous_17)
FNDA:3,(anonymous_18)
FNDA:3,(anonymous_19)
DA:1,1
DA:2,1
DA:6,1
DA:13,1
DA:20,1
DA:22,2
DA:23,2
DA:27,2
DA:29,1
DA:30,1
DA:32,1
DA:36,0
DA:41,1
DA:45,1
DA:49,1
DA:56,1
DA:59,0
DA:62,0
DA:68,1
DA:81,1
DA:85,1
DA:90,1
DA:92,1
DA:93,0
DA:94,0
DA:96,1
DA:102,1
DA:104,1
DA:109,1
DA:112,1
DA:113,0
DA:114,0
DA:116,1
DA:123,1
DA:126,1
DA:131,1
DA:132,1
DA:133,0
DA:134,0
DA:136,1
DA:140,1
DA:144,1
DA:146,1
DA:152,1
DA:153,1
DA:154,0
DA:155,0
DA:157,1
DA:161,1
DA:169,1
DA:170,3
DA:172,3
DA:174,3
DA:177,1
DA:183,1
DA:184,1
DA:185,0
DA:186,0
DA:188,1
DA:192,1
DA:196,2
DA:203,2
DA:204,2
DA:205,0
DA:206,0
DA:208,2
DA:212,2
DA:217,1
DA:220,3
DA:222,3
DA:224,3
DA:227,1
DA:234,1
DA:235,1
DA:236,0
DA:237,0
DA:239,1
DA:243,1
DA:247,2
DA:255,2
DA:256,2
DA:257,0
DA:258,0
DA:260,2
DA:264,2
DA:269,1
DA:270,3
DA:271,3
DA:273,3
DA:274,3
DA:275,3
DA:276,3
DA:277,3
DA:278,3
DA:279,3
DA:280,3
DA:281,3
DA:282,3
DA:283,3
DA:284,3
DA:286,3
DA:288,3
DA:289,3
DA:306,0
DA:324,3
DA:325,3
DA:326,1
DA:327,1
DA:329,2
DA:333,3
DA:336,1
LF:111
LH:91
BRDA:13,0,0,1
BRDA:13,0,1,0
BRDA:27,1,0,1
BRDA:27,1,1,1
BRDA:30,2,0,1
BRDA:30,2,1,0
BRDA:45,3,0,0
BRDA:45,3,1,1
BRDA:56,4,0,0
BRDA:56,4,1,1
BRDA:56,5,0,1
BRDA:56,5,1,1
BRDA:92,6,0,0
BRDA:92,6,1,1
BRDA:92,7,0,1
BRDA:92,7,1,1
BRDA:112,8,0,0
BRDA:112,8,1,1
BRDA:112,9,0,1
BRDA:112,9,1,1
BRDA:132,10,0,0
BRDA:132,10,1,1
BRDA:132,11,0,1
BRDA:132,11,1,1
BRDA:153,12,0,0
BRDA:153,12,1,1
BRDA:153,13,0,1
BRDA:153,13,1,1
BRDA:172,14,0,1
BRDA:172,14,1,2
BRDA:174,15,0,1
BRDA:174,15,1,2
BRDA:184,16,0,0
BRDA:184,16,1,1
BRDA:184,17,0,1
BRDA:184,17,1,1
BRDA:204,18,0,0
BRDA:204,18,1,2
BRDA:204,19,0,2
BRDA:204,19,1,2
BRDA:222,20,0,1
BRDA:222,20,1,2
BRDA:224,21,0,1
BRDA:224,21,1,2
BRDA:235,22,0,0
BRDA:235,22,1,1
BRDA:235,23,0,1
BRDA:235,23,1,1
BRDA:256,24,0,0
BRDA:256,24,1,2
BRDA:256,25,0,2
BRDA:256,25,1,2
BRDA:271,26,0,0
BRDA:271,26,1,3
BRDA:273,27,0,3
BRDA:273,27,1,1
BRDA:274,28,0,3
BRDA:274,28,1,3
BRDA:275,29,0,3
BRDA:275,29,1,3
BRDA:276,30,0,3
BRDA:276,30,1,3
BRDA:277,31,0,3
BRDA:277,31,1,3
BRDA:278,32,0,3
BRDA:278,32,1,3
BRDA:279,33,0,3
BRDA:279,33,1,3
BRDA:280,34,0,3
BRDA:280,34,1,2
BRDA:281,35,0,3
BRDA:281,35,1,3
BRDA:282,36,0,3
BRDA:282,36,1,2
BRDA:283,37,0,3
BRDA:283,37,1,2
BRDA:284,38,0,1
BRDA:284,38,1,2
BRDA:288,39,0,3
BRDA:288,39,1,0
BRDA:325,40,0,1
BRDA:325,40,1,2
BRDA:325,41,0,3
BRDA:325,41,1,3
BRF:84
BRH:70
end_of_record
TN:
SF:server.js
FN:23,(anonymous_0)
FNF:1
FNH:1
FNDA:1,(anonymous_0)
DA:1,1
DA:2,1
DA:3,1
DA:4,1
DA:6,1
DA:7,1
DA:13,1
DA:14,1
DA:15,1
DA:16,1
DA:17,1
DA:18,1
DA:19,1
DA:20,1
DA:21,1
DA:23,1
DA:24,1
DA:27,1
LF:18
LH:18
BRF:0
BRH:0
end_of_record
